<?xml version="1.0" encoding="UTF-8"?>
<testng-results skipped="0" failed="0" total="1" passed="1">
  <reporter-output>
  </reporter-output>
  <suite name="Default suite" duration-ms="48482" started-at="2021-11-05T13:58:59Z" finished-at="2021-11-05T13:59:47Z">
    <groups>
    </groups>
    <test name="Default test" duration-ms="48482" started-at="2021-11-05T13:58:59Z" finished-at="2021-11-05T13:59:47Z">
      <class name="com.technocredits.orghrm.testScripts.PIM_AddEmployee_Test">
        <test-method status="PASS" signature="setUp()[pri:0, instance:com.technocredits.orghrm.testScripts.PIM_AddEmployee_Test@56f4468b]" name="setUp" is-config="true" duration-ms="15570" started-at="2021-11-05T19:28:59Z" finished-at="2021-11-05T19:29:14Z">
          <reporter-output>
          </reporter-output>
        </test-method> <!-- setUp -->
        <test-method status="PASS" signature="verifyAddEmployeeTest()[pri:0, instance:com.technocredits.orghrm.testScripts.PIM_AddEmployee_Test@56f4468b]" name="verifyAddEmployeeTest" duration-ms="32868" started-at="2021-11-05T19:29:14Z" finished-at="2021-11-05T19:29:47Z">
          <reporter-output>
          </reporter-output>
        </test-method> <!-- verifyAddEmployeeTest -->
      </class> <!-- com.technocredits.orghrm.testScripts.PIM_AddEmployee_Test -->
    </test> <!-- Default test -->
  </suite> <!-- Default suite -->
</testng-results>
